2020-09-29 08:47:49  [ schedulerFactory_Worker-6:5 ] - [ ERROR ] Job DEFAULT.taskServiceTaskJob threw an unhandled Exception: 
org.springframework.scheduling.quartz.JobMethodInvocationFailedException: Invocation of method 'work' on target class [class com.kd.xxhyf.threadmonitor.impl.TaskServiceImpl] failed; nested exception is java.lang.OutOfMemoryError: unable to create new native thread
	at org.springframework.scheduling.quartz.MethodInvokingJobDetailFactoryBean$MethodInvokingJob.executeInternal(MethodInvokingJobDetailFactoryBean.java:320)
	at org.springframework.scheduling.quartz.QuartzJobBean.execute(QuartzJobBean.java:113)
	at org.quartz.core.JobRunShell.run(JobRunShell.java:202)
	at org.quartz.simpl.SimpleThreadPool$WorkerThread.run(SimpleThreadPool.java:525)
Caused by: java.lang.OutOfMemoryError: unable to create new native thread
	at java.lang.Thread.start0(Native Method)
	at java.lang.Thread.start(Thread.java:714)
	at java.util.concurrent.ThreadPoolExecutor.addWorker(ThreadPoolExecutor.java:950)
	at java.util.concurrent.ThreadPoolExecutor.ensurePrestart(ThreadPoolExecutor.java:1587)
	at java.util.concurrent.ScheduledThreadPoolExecutor.delayedExecute(ScheduledThreadPoolExecutor.java:334)
	at java.util.concurrent.ScheduledThreadPoolExecutor.schedule(ScheduledThreadPoolExecutor.java:533)
	at java.util.concurrent.ScheduledThreadPoolExecutor.submit(ScheduledThreadPoolExecutor.java:632)
	at ch.qos.logback.core.rolling.helper.TimeBasedArchiveRemover.cleanAsynchronously(TimeBasedArchiveRemover.java:229)
	at ch.qos.logback.core.rolling.TimeBasedRollingPolicy.rollover(TimeBasedRollingPolicy.java:182)
	at ch.qos.logback.core.rolling.RollingFileAppender.attemptRollover(RollingFileAppender.java:211)
	at ch.qos.logback.core.rolling.RollingFileAppender.rollover(RollingFileAppender.java:190)
	at ch.qos.logback.core.rolling.RollingFileAppender.subAppend(RollingFileAppender.java:231)
	at ch.qos.logback.core.OutputStreamAppender.append(OutputStreamAppender.java:102)
	at ch.qos.logback.core.UnsynchronizedAppenderBase.doAppend(UnsynchronizedAppenderBase.java:84)
	at ch.qos.logback.core.spi.AppenderAttachableImpl.appendLoopOnAppenders(AppenderAttachableImpl.java:51)
	at ch.qos.logback.classic.Logger.appendLoopOnAppenders(Logger.java:270)
	at ch.qos.logback.classic.Logger.callAppenders(Logger.java:257)
	at ch.qos.logback.classic.Logger.buildLoggingEventAndAppend(Logger.java:421)
	at ch.qos.logback.classic.Logger.filterAndLog_0_Or3Plus(Logger.java:383)
	at ch.qos.logback.classic.Logger.info(Logger.java:579)
	at com.kd.xxhyf.threadmonitor.impl.TaskServiceImpl.work(TaskServiceImpl.java:42)
	at sun.reflect.GeneratedMethodAccessor12.invoke(Unknown Source)
	at sun.reflect.DelegatingMethodAccessorImpl.invoke(DelegatingMethodAccessorImpl.java:43)
	at java.lang.reflect.Method.invoke(Method.java:497)
	at org.springframework.util.MethodInvoker.invoke(MethodInvoker.java:273)
	at org.springframework.scheduling.quartz.MethodInvokingJobDetailFactoryBean$MethodInvokingJob.executeInternal(MethodInvokingJobDetailFactoryBean.java:311)
	... 3 more
2020-09-29 08:47:49  [ schedulerFactory_Worker-6:24 ] - [ ERROR ] Job (DEFAULT.taskServiceTaskJob threw an exception.
org.quartz.SchedulerException: Job threw an unhandled exception. [See nested exception: org.springframework.scheduling.quartz.JobMethodInvocationFailedException: Invocation of method 'work' on target class [class com.kd.xxhyf.threadmonitor.impl.TaskServiceImpl] failed; nested exception is java.lang.OutOfMemoryError: unable to create new native thread]
	at org.quartz.core.JobRunShell.run(JobRunShell.java:213)
	at org.quartz.simpl.SimpleThreadPool$WorkerThread.run(SimpleThreadPool.java:525)
Caused by: org.springframework.scheduling.quartz.JobMethodInvocationFailedException: Invocation of method 'work' on target class [class com.kd.xxhyf.threadmonitor.impl.TaskServiceImpl] failed; nested exception is java.lang.OutOfMemoryError: unable to create new native thread
	at org.springframework.scheduling.quartz.MethodInvokingJobDetailFactoryBean$MethodInvokingJob.executeInternal(MethodInvokingJobDetailFactoryBean.java:320)
	at org.springframework.scheduling.quartz.QuartzJobBean.execute(QuartzJobBean.java:113)
	at org.quartz.core.JobRunShell.run(JobRunShell.java:202)
	... 1 more
Caused by: java.lang.OutOfMemoryError: unable to create new native thread
	at java.lang.Thread.start0(Native Method)
	at java.lang.Thread.start(Thread.java:714)
	at java.util.concurrent.ThreadPoolExecutor.addWorker(ThreadPoolExecutor.java:950)
	at java.util.concurrent.ThreadPoolExecutor.ensurePrestart(ThreadPoolExecutor.java:1587)
	at java.util.concurrent.ScheduledThreadPoolExecutor.delayedExecute(ScheduledThreadPoolExecutor.java:334)
	at java.util.concurrent.ScheduledThreadPoolExecutor.schedule(ScheduledThreadPoolExecutor.java:533)
	at java.util.concurrent.ScheduledThreadPoolExecutor.submit(ScheduledThreadPoolExecutor.java:632)
	at ch.qos.logback.core.rolling.helper.TimeBasedArchiveRemover.cleanAsynchronously(TimeBasedArchiveRemover.java:229)
	at ch.qos.logback.core.rolling.TimeBasedRollingPolicy.rollover(TimeBasedRollingPolicy.java:182)
	at ch.qos.logback.core.rolling.RollingFileAppender.attemptRollover(RollingFileAppender.java:211)
	at ch.qos.logback.core.rolling.RollingFileAppender.rollover(RollingFileAppender.java:190)
	at ch.qos.logback.core.rolling.RollingFileAppender.subAppend(RollingFileAppender.java:231)
	at ch.qos.logback.core.OutputStreamAppender.append(OutputStreamAppender.java:102)
	at ch.qos.logback.core.UnsynchronizedAppenderBase.doAppend(UnsynchronizedAppenderBase.java:84)
	at ch.qos.logback.core.spi.AppenderAttachableImpl.appendLoopOnAppenders(AppenderAttachableImpl.java:51)
	at ch.qos.logback.classic.Logger.appendLoopOnAppenders(Logger.java:270)
	at ch.qos.logback.classic.Logger.callAppenders(Logger.java:257)
	at ch.qos.logback.classic.Logger.buildLoggingEventAndAppend(Logger.java:421)
	at ch.qos.logback.classic.Logger.filterAndLog_0_Or3Plus(Logger.java:383)
	at ch.qos.logback.classic.Logger.info(Logger.java:579)
	at com.kd.xxhyf.threadmonitor.impl.TaskServiceImpl.work(TaskServiceImpl.java:42)
	at sun.reflect.GeneratedMethodAccessor12.invoke(Unknown Source)
	at sun.reflect.DelegatingMethodAccessorImpl.invoke(DelegatingMethodAccessorImpl.java:43)
	at java.lang.reflect.Method.invoke(Method.java:497)
	at org.springframework.util.MethodInvoker.invoke(MethodInvoker.java:273)
	at org.springframework.scheduling.quartz.MethodInvokingJobDetailFactoryBean$MethodInvokingJob.executeInternal(MethodInvokingJobDetailFactoryBean.java:311)
	... 3 more
